0 info it worked if it ends with ok
1 verbose cli [ '/home/ubuntu/.nvm/versions/node/v6.9.1/bin/node',
1 verbose cli   '/home/ubuntu/.nvm/versions/node/v6.9.1/bin/npm',
1 verbose cli   'run',
1 verbose cli   'build-dev' ]
2 info using npm@3.10.8
3 info using node@v6.9.1
4 verbose run-script [ 'prebuild-dev', 'build-dev', 'postbuild-dev' ]
5 info lifecycle zetsu@1.0.0~prebuild-dev: zetsu@1.0.0
6 silly lifecycle zetsu@1.0.0~prebuild-dev: no script for prebuild-dev, continuing
7 info lifecycle zetsu@1.0.0~build-dev: zetsu@1.0.0
8 verbose lifecycle zetsu@1.0.0~build-dev: unsafe-perm in lifecycle true
9 verbose lifecycle zetsu@1.0.0~build-dev: PATH: /home/ubuntu/.nvm/versions/node/v6.9.1/lib/node_modules/npm/bin/node-gyp-bin:/home/ubuntu/workspace/app/node_modules/.bin:/home/ubuntu/.nvm/versions/node/v6.9.1/bin:/usr/local/rvm/gems/ruby-2.3.0/bin:/usr/local/rvm/gems/ruby-2.3.0@global/bin:/usr/local/rvm/rubies/ruby-2.3.0/bin:/mnt/shared/bin:/home/ubuntu/workspace/node_modules/.bin:/home/ubuntu/bin:/usr/local/sbin:/usr/local/bin:/usr/sbin:/usr/bin:/sbin:/bin:/mnt/shared/sbin:/opt/gitl:/opt/go/bin:/mnt/shared/c9/app.nw/bin:/usr/local/rvm/bin
10 verbose lifecycle zetsu@1.0.0~build-dev: CWD: /home/ubuntu/workspace/app
11 silly lifecycle zetsu@1.0.0~build-dev: Args: [ '-c', 'webpack --config ./webpack.dev.js' ]
12 silly lifecycle zetsu@1.0.0~build-dev: Returned: code: 1  signal: null
13 info lifecycle zetsu@1.0.0~build-dev: Failed to exec build-dev script
14 verbose stack Error: zetsu@1.0.0 build-dev: `webpack --config ./webpack.dev.js`
14 verbose stack Exit status 1
14 verbose stack     at EventEmitter.<anonymous> (/home/ubuntu/.nvm/versions/node/v6.9.1/lib/node_modules/npm/lib/utils/lifecycle.js:255:16)
14 verbose stack     at emitTwo (events.js:106:13)
14 verbose stack     at EventEmitter.emit (events.js:191:7)
14 verbose stack     at ChildProcess.<anonymous> (/home/ubuntu/.nvm/versions/node/v6.9.1/lib/node_modules/npm/lib/utils/spawn.js:40:14)
14 verbose stack     at emitTwo (events.js:106:13)
14 verbose stack     at ChildProcess.emit (events.js:191:7)
14 verbose stack     at maybeClose (internal/child_process.js:877:16)
14 verbose stack     at Process.ChildProcess._handle.onexit (internal/child_process.js:226:5)
15 verbose pkgid zetsu@1.0.0
16 verbose cwd /home/ubuntu/workspace/app
17 error Linux 4.9.17-c9
18 error argv "/home/ubuntu/.nvm/versions/node/v6.9.1/bin/node" "/home/ubuntu/.nvm/versions/node/v6.9.1/bin/npm" "run" "build-dev"
19 error node v6.9.1
20 error npm  v3.10.8
21 error code ELIFECYCLE
22 error zetsu@1.0.0 build-dev: `webpack --config ./webpack.dev.js`
22 error Exit status 1
23 error Failed at the zetsu@1.0.0 build-dev script 'webpack --config ./webpack.dev.js'.
23 error Make sure you have the latest version of node.js and npm installed.
23 error If you do, this is most likely a problem with the zetsu package,
23 error not with npm itself.
23 error Tell the author that this fails on your system:
23 error     webpack --config ./webpack.dev.js
23 error You can get information on how to open an issue for this project with:
23 error     npm bugs zetsu
23 error Or if that isn't available, you can get their info via:
23 error     npm owner ls zetsu
23 error There is likely additional logging output above.
24 verbose exit [ 1, true ]
